CRITICAL - 2024-03-31 15:06:08 --> foreach() argument must be of type array|object, null given
in APPPATH\Views\producto\listitemcarts.php on line 3.
 1 APPPATH\Views\producto\listitemcarts.php(3): CodeIgniter\Debug\Exceptions->errorHandler(2, 'foreach() argument must be of type array|object, null given', 'C:\\wamp64\\www\\tienda\\app\\Views\\producto\\listitemcarts.php', 3)
 2 SYSTEMPATH\View\View.php(228): include('C:\\wamp64\\www\\tienda\\app\\Views\\producto\\listitemcarts.php')
 3 SYSTEMPATH\View\View.php(231): CodeIgniter\View\View->CodeIgniter\View\{closure}()
 4 SYSTEMPATH\Common.php(1190): CodeIgniter\View\View->render('producto/listitemcarts', [], true)
 5 APPPATH\Controllers\Carrito.php(28): view('producto/listitemcarts', [...])
 6 SYSTEMPATH\CodeIgniter.php(942): App\Controllers\Carrito->viewProductosGrid()
 7 SYSTEMPATH\CodeIgniter.php(502): CodeIgniter\CodeIgniter->runController(Object(App\Controllers\Carrito))
 8 SYSTEMPATH\CodeIgniter.php(361): CodeIgniter\CodeIgniter->handleRequest(null, Object(Config\Cache), false)
 9 FCPATH\index.php(79): CodeIgniter\CodeIgniter->run()
ERROR - 2024-03-31 15:08:46 --> mysqli_sql_exception: Table 'dbecommercemultielectricos.marcas' doesn't exist in C:\wamp64\www\tienda\system\Database\MySQLi\Connection.php:306
Stack trace:
#0 C:\wamp64\www\tienda\system\Database\MySQLi\Connection.php(306): mysqli->query('SELECT Concat('...', 0)
#1 C:\wamp64\www\tienda\system\Database\BaseConnection.php(693): CodeIgniter\Database\MySQLi\Connection->execute('SELECT Concat('...')
#2 C:\wamp64\www\tienda\system\Database\BaseConnection.php(607): CodeIgniter\Database\BaseConnection->simpleQuery('SELECT Concat('...')
#3 C:\wamp64\www\tienda\app\Models\marca_model.php(23): CodeIgniter\Database\BaseConnection->query('SELECT Concat('...')
#4 C:\wamp64\www\tienda\app\Controllers\Marca.php(17): App\Models\marca_model->getListado()
#5 C:\wamp64\www\tienda\system\CodeIgniter.php(942): App\Controllers\Marca->getjson_ListadoMarcasCB('')
#6 C:\wamp64\www\tienda\system\CodeIgniter.php(502): CodeIgniter\CodeIgniter->runController(Object(App\Controllers\Marca))
#7 C:\wamp64\www\tienda\system\CodeIgniter.php(361): CodeIgniter\CodeIgniter->handleRequest(NULL, Object(Config\Cache), false)
#8 C:\wamp64\www\tienda\index.php(79): CodeIgniter\CodeIgniter->run()
#9 {main}
CRITICAL - 2024-03-31 15:08:46 --> Table 'dbecommercemultielectricos.marcas' doesn't exist
in SYSTEMPATH\Database\BaseConnection.php on line 647.
 1 APPPATH\Models\marca_model.php(23): CodeIgniter\Database\BaseConnection->query('SELECT Concat(\'r_\',id_marca) as dt_rowid, id_marca as id, nombre_marca as descripcion  FROM marcas  order by id_marca;')
 2 APPPATH\Controllers\Marca.php(17): App\Models\marca_model->getListado()
 3 SYSTEMPATH\CodeIgniter.php(942): App\Controllers\Marca->getjson_ListadoMarcasCB('')
 4 SYSTEMPATH\CodeIgniter.php(502): CodeIgniter\CodeIgniter->runController(Object(App\Controllers\Marca))
 5 SYSTEMPATH\CodeIgniter.php(361): CodeIgniter\CodeIgniter->handleRequest(null, Object(Config\Cache), false)
 6 FCPATH\index.php(79): CodeIgniter\CodeIgniter->run()
CRITICAL - 2024-03-31 15:12:26 --> foreach() argument must be of type array|object, null given
in APPPATH\Views\producto\listitemcarts.php on line 3.
 1 APPPATH\Views\producto\listitemcarts.php(3): CodeIgniter\Debug\Exceptions->errorHandler(2, 'foreach() argument must be of type array|object, null given', 'C:\\wamp64\\www\\tienda\\app\\Views\\producto\\listitemcarts.php', 3)
 2 SYSTEMPATH\View\View.php(228): include('C:\\wamp64\\www\\tienda\\app\\Views\\producto\\listitemcarts.php')
 3 SYSTEMPATH\View\View.php(231): CodeIgniter\View\View->CodeIgniter\View\{closure}()
 4 SYSTEMPATH\Common.php(1190): CodeIgniter\View\View->render('producto/listitemcarts', [], true)
 5 APPPATH\Controllers\Carrito.php(28): view('producto/listitemcarts', [...])
 6 SYSTEMPATH\CodeIgniter.php(942): App\Controllers\Carrito->viewProductosGrid()
 7 SYSTEMPATH\CodeIgniter.php(502): CodeIgniter\CodeIgniter->runController(Object(App\Controllers\Carrito))
 8 SYSTEMPATH\CodeIgniter.php(361): CodeIgniter\CodeIgniter->handleRequest(null, Object(Config\Cache), false)
 9 FCPATH\index.php(79): CodeIgniter\CodeIgniter->run()
CRITICAL - 2024-03-31 15:14:03 --> foreach() argument must be of type array|object, null given
in APPPATH\Views\producto\listitemcarts.php on line 3.
 1 APPPATH\Views\producto\listitemcarts.php(3): CodeIgniter\Debug\Exceptions->errorHandler(2, 'foreach() argument must be of type array|object, null given', 'C:\\wamp64\\www\\tienda\\app\\Views\\producto\\listitemcarts.php', 3)
 2 SYSTEMPATH\View\View.php(228): include('C:\\wamp64\\www\\tienda\\app\\Views\\producto\\listitemcarts.php')
 3 SYSTEMPATH\View\View.php(231): CodeIgniter\View\View->CodeIgniter\View\{closure}()
 4 SYSTEMPATH\Common.php(1190): CodeIgniter\View\View->render('producto/listitemcarts', [], true)
 5 APPPATH\Controllers\Carrito.php(28): view('producto/listitemcarts', [...])
 6 SYSTEMPATH\CodeIgniter.php(942): App\Controllers\Carrito->viewProductosGrid()
 7 SYSTEMPATH\CodeIgniter.php(502): CodeIgniter\CodeIgniter->runController(Object(App\Controllers\Carrito))
 8 SYSTEMPATH\CodeIgniter.php(361): CodeIgniter\CodeIgniter->handleRequest(null, Object(Config\Cache), false)
 9 FCPATH\index.php(79): CodeIgniter\CodeIgniter->run()
CRITICAL - 2024-03-31 15:14:46 --> foreach() argument must be of type array|object, null given
in APPPATH\Views\producto\listitemcarts.php on line 3.
 1 APPPATH\Views\producto\listitemcarts.php(3): CodeIgniter\Debug\Exceptions->errorHandler(2, 'foreach() argument must be of type array|object, null given', 'C:\\wamp64\\www\\tienda\\app\\Views\\producto\\listitemcarts.php', 3)
 2 SYSTEMPATH\View\View.php(228): include('C:\\wamp64\\www\\tienda\\app\\Views\\producto\\listitemcarts.php')
 3 SYSTEMPATH\View\View.php(231): CodeIgniter\View\View->CodeIgniter\View\{closure}()
 4 SYSTEMPATH\Common.php(1190): CodeIgniter\View\View->render('producto/listitemcarts', [], true)
 5 APPPATH\Controllers\Carrito.php(28): view('producto/listitemcarts', [...])
 6 SYSTEMPATH\CodeIgniter.php(942): App\Controllers\Carrito->viewProductosGrid()
 7 SYSTEMPATH\CodeIgniter.php(502): CodeIgniter\CodeIgniter->runController(Object(App\Controllers\Carrito))
 8 SYSTEMPATH\CodeIgniter.php(361): CodeIgniter\CodeIgniter->handleRequest(null, Object(Config\Cache), false)
 9 FCPATH\index.php(79): CodeIgniter\CodeIgniter->run()
CRITICAL - 2024-03-31 15:14:52 --> foreach() argument must be of type array|object, null given
in APPPATH\Views\producto\listitemcarts.php on line 3.
 1 APPPATH\Views\producto\listitemcarts.php(3): CodeIgniter\Debug\Exceptions->errorHandler(2, 'foreach() argument must be of type array|object, null given', 'C:\\wamp64\\www\\tienda\\app\\Views\\producto\\listitemcarts.php', 3)
 2 SYSTEMPATH\View\View.php(228): include('C:\\wamp64\\www\\tienda\\app\\Views\\producto\\listitemcarts.php')
 3 SYSTEMPATH\View\View.php(231): CodeIgniter\View\View->CodeIgniter\View\{closure}()
 4 SYSTEMPATH\Common.php(1190): CodeIgniter\View\View->render('producto/listitemcarts', [], true)
 5 APPPATH\Controllers\Carrito.php(28): view('producto/listitemcarts', [...])
 6 SYSTEMPATH\CodeIgniter.php(942): App\Controllers\Carrito->viewProductosGrid()
 7 SYSTEMPATH\CodeIgniter.php(502): CodeIgniter\CodeIgniter->runController(Object(App\Controllers\Carrito))
 8 SYSTEMPATH\CodeIgniter.php(361): CodeIgniter\CodeIgniter->handleRequest(null, Object(Config\Cache), false)
 9 FCPATH\index.php(79): CodeIgniter\CodeIgniter->run()
CRITICAL - 2024-03-31 15:35:29 --> foreach() argument must be of type array|object, null given
in APPPATH\Views\producto\listitemcarts.php on line 3.
 1 APPPATH\Views\producto\listitemcarts.php(3): CodeIgniter\Debug\Exceptions->errorHandler(2, 'foreach() argument must be of type array|object, null given', 'C:\\wamp64\\www\\tienda\\app\\Views\\producto\\listitemcarts.php', 3)
 2 SYSTEMPATH\View\View.php(228): include('C:\\wamp64\\www\\tienda\\app\\Views\\producto\\listitemcarts.php')
 3 SYSTEMPATH\View\View.php(231): CodeIgniter\View\View->CodeIgniter\View\{closure}()
 4 SYSTEMPATH\Common.php(1190): CodeIgniter\View\View->render('producto/listitemcarts', [], true)
 5 APPPATH\Controllers\Carrito.php(28): view('producto/listitemcarts', [...])
 6 SYSTEMPATH\CodeIgniter.php(942): App\Controllers\Carrito->viewProductosGrid()
 7 SYSTEMPATH\CodeIgniter.php(502): CodeIgniter\CodeIgniter->runController(Object(App\Controllers\Carrito))
 8 SYSTEMPATH\CodeIgniter.php(361): CodeIgniter\CodeIgniter->handleRequest(null, Object(Config\Cache), false)
 9 FCPATH\index.php(79): CodeIgniter\CodeIgniter->run()
CRITICAL - 2024-03-31 15:35:30 --> foreach() argument must be of type array|object, null given
in APPPATH\Views\producto\listitemcarts.php on line 3.
 1 APPPATH\Views\producto\listitemcarts.php(3): CodeIgniter\Debug\Exceptions->errorHandler(2, 'foreach() argument must be of type array|object, null given', 'C:\\wamp64\\www\\tienda\\app\\Views\\producto\\listitemcarts.php', 3)
 2 SYSTEMPATH\View\View.php(228): include('C:\\wamp64\\www\\tienda\\app\\Views\\producto\\listitemcarts.php')
 3 SYSTEMPATH\View\View.php(231): CodeIgniter\View\View->CodeIgniter\View\{closure}()
 4 SYSTEMPATH\Common.php(1190): CodeIgniter\View\View->render('producto/listitemcarts', [], true)
 5 APPPATH\Controllers\Carrito.php(28): view('producto/listitemcarts', [...])
 6 SYSTEMPATH\CodeIgniter.php(942): App\Controllers\Carrito->viewProductosGrid()
 7 SYSTEMPATH\CodeIgniter.php(502): CodeIgniter\CodeIgniter->runController(Object(App\Controllers\Carrito))
 8 SYSTEMPATH\CodeIgniter.php(361): CodeIgniter\CodeIgniter->handleRequest(null, Object(Config\Cache), false)
 9 FCPATH\index.php(79): CodeIgniter\CodeIgniter->run()
CRITICAL - 2024-03-31 15:35:32 --> foreach() argument must be of type array|object, null given
in APPPATH\Views\producto\listitemcarts.php on line 3.
 1 APPPATH\Views\producto\listitemcarts.php(3): CodeIgniter\Debug\Exceptions->errorHandler(2, 'foreach() argument must be of type array|object, null given', 'C:\\wamp64\\www\\tienda\\app\\Views\\producto\\listitemcarts.php', 3)
 2 SYSTEMPATH\View\View.php(228): include('C:\\wamp64\\www\\tienda\\app\\Views\\producto\\listitemcarts.php')
 3 SYSTEMPATH\View\View.php(231): CodeIgniter\View\View->CodeIgniter\View\{closure}()
 4 SYSTEMPATH\Common.php(1190): CodeIgniter\View\View->render('producto/listitemcarts', [], true)
 5 APPPATH\Controllers\Carrito.php(28): view('producto/listitemcarts', [...])
 6 SYSTEMPATH\CodeIgniter.php(942): App\Controllers\Carrito->viewProductosGrid()
 7 SYSTEMPATH\CodeIgniter.php(502): CodeIgniter\CodeIgniter->runController(Object(App\Controllers\Carrito))
 8 SYSTEMPATH\CodeIgniter.php(361): CodeIgniter\CodeIgniter->handleRequest(null, Object(Config\Cache), false)
 9 FCPATH\index.php(79): CodeIgniter\CodeIgniter->run()
CRITICAL - 2024-03-31 15:35:34 --> foreach() argument must be of type array|object, null given
in APPPATH\Views\producto\listitemcarts.php on line 3.
 1 APPPATH\Views\producto\listitemcarts.php(3): CodeIgniter\Debug\Exceptions->errorHandler(2, 'foreach() argument must be of type array|object, null given', 'C:\\wamp64\\www\\tienda\\app\\Views\\producto\\listitemcarts.php', 3)
 2 SYSTEMPATH\View\View.php(228): include('C:\\wamp64\\www\\tienda\\app\\Views\\producto\\listitemcarts.php')
 3 SYSTEMPATH\View\View.php(231): CodeIgniter\View\View->CodeIgniter\View\{closure}()
 4 SYSTEMPATH\Common.php(1190): CodeIgniter\View\View->render('producto/listitemcarts', [], true)
 5 APPPATH\Controllers\Carrito.php(28): view('producto/listitemcarts', [...])
 6 SYSTEMPATH\CodeIgniter.php(942): App\Controllers\Carrito->viewProductosGrid()
 7 SYSTEMPATH\CodeIgniter.php(502): CodeIgniter\CodeIgniter->runController(Object(App\Controllers\Carrito))
 8 SYSTEMPATH\CodeIgniter.php(361): CodeIgniter\CodeIgniter->handleRequest(null, Object(Config\Cache), false)
 9 FCPATH\index.php(79): CodeIgniter\CodeIgniter->run()
CRITICAL - 2024-03-31 15:35:35 --> foreach() argument must be of type array|object, null given
in APPPATH\Views\producto\listitemcarts.php on line 3.
 1 APPPATH\Views\producto\listitemcarts.php(3): CodeIgniter\Debug\Exceptions->errorHandler(2, 'foreach() argument must be of type array|object, null given', 'C:\\wamp64\\www\\tienda\\app\\Views\\producto\\listitemcarts.php', 3)
 2 SYSTEMPATH\View\View.php(228): include('C:\\wamp64\\www\\tienda\\app\\Views\\producto\\listitemcarts.php')
 3 SYSTEMPATH\View\View.php(231): CodeIgniter\View\View->CodeIgniter\View\{closure}()
 4 SYSTEMPATH\Common.php(1190): CodeIgniter\View\View->render('producto/listitemcarts', [], true)
 5 APPPATH\Controllers\Carrito.php(28): view('producto/listitemcarts', [...])
 6 SYSTEMPATH\CodeIgniter.php(942): App\Controllers\Carrito->viewProductosGrid()
 7 SYSTEMPATH\CodeIgniter.php(502): CodeIgniter\CodeIgniter->runController(Object(App\Controllers\Carrito))
 8 SYSTEMPATH\CodeIgniter.php(361): CodeIgniter\CodeIgniter->handleRequest(null, Object(Config\Cache), false)
 9 FCPATH\index.php(79): CodeIgniter\CodeIgniter->run()
CRITICAL - 2024-03-31 15:35:48 --> foreach() argument must be of type array|object, null given
in APPPATH\Views\producto\listitemcarts.php on line 3.
 1 APPPATH\Views\producto\listitemcarts.php(3): CodeIgniter\Debug\Exceptions->errorHandler(2, 'foreach() argument must be of type array|object, null given', 'C:\\wamp64\\www\\tienda\\app\\Views\\producto\\listitemcarts.php', 3)
 2 SYSTEMPATH\View\View.php(228): include('C:\\wamp64\\www\\tienda\\app\\Views\\producto\\listitemcarts.php')
 3 SYSTEMPATH\View\View.php(231): CodeIgniter\View\View->CodeIgniter\View\{closure}()
 4 SYSTEMPATH\Common.php(1190): CodeIgniter\View\View->render('producto/listitemcarts', [], true)
 5 APPPATH\Controllers\Carrito.php(28): view('producto/listitemcarts', [...])
 6 SYSTEMPATH\CodeIgniter.php(942): App\Controllers\Carrito->viewProductosGrid()
 7 SYSTEMPATH\CodeIgniter.php(502): CodeIgniter\CodeIgniter->runController(Object(App\Controllers\Carrito))
 8 SYSTEMPATH\CodeIgniter.php(361): CodeIgniter\CodeIgniter->handleRequest(null, Object(Config\Cache), false)
 9 FCPATH\index.php(79): CodeIgniter\CodeIgniter->run()
CRITICAL - 2024-03-31 15:36:07 --> foreach() argument must be of type array|object, null given
in APPPATH\Views\producto\listitemcarts.php on line 3.
 1 APPPATH\Views\producto\listitemcarts.php(3): CodeIgniter\Debug\Exceptions->errorHandler(2, 'foreach() argument must be of type array|object, null given', 'C:\\wamp64\\www\\tienda\\app\\Views\\producto\\listitemcarts.php', 3)
 2 SYSTEMPATH\View\View.php(228): include('C:\\wamp64\\www\\tienda\\app\\Views\\producto\\listitemcarts.php')
 3 SYSTEMPATH\View\View.php(231): CodeIgniter\View\View->CodeIgniter\View\{closure}()
 4 SYSTEMPATH\Common.php(1190): CodeIgniter\View\View->render('producto/listitemcarts', [], true)
 5 APPPATH\Controllers\Carrito.php(28): view('producto/listitemcarts', [...])
 6 SYSTEMPATH\CodeIgniter.php(942): App\Controllers\Carrito->viewProductosGrid()
 7 SYSTEMPATH\CodeIgniter.php(502): CodeIgniter\CodeIgniter->runController(Object(App\Controllers\Carrito))
 8 SYSTEMPATH\CodeIgniter.php(361): CodeIgniter\CodeIgniter->handleRequest(null, Object(Config\Cache), false)
 9 FCPATH\index.php(79): CodeIgniter\CodeIgniter->run()
CRITICAL - 2024-03-31 15:36:12 --> foreach() argument must be of type array|object, null given
in APPPATH\Views\producto\listitemcarts.php on line 3.
 1 APPPATH\Views\producto\listitemcarts.php(3): CodeIgniter\Debug\Exceptions->errorHandler(2, 'foreach() argument must be of type array|object, null given', 'C:\\wamp64\\www\\tienda\\app\\Views\\producto\\listitemcarts.php', 3)
 2 SYSTEMPATH\View\View.php(228): include('C:\\wamp64\\www\\tienda\\app\\Views\\producto\\listitemcarts.php')
 3 SYSTEMPATH\View\View.php(231): CodeIgniter\View\View->CodeIgniter\View\{closure}()
 4 SYSTEMPATH\Common.php(1190): CodeIgniter\View\View->render('producto/listitemcarts', [], true)
 5 APPPATH\Controllers\Carrito.php(28): view('producto/listitemcarts', [...])
 6 SYSTEMPATH\CodeIgniter.php(942): App\Controllers\Carrito->viewProductosGrid()
 7 SYSTEMPATH\CodeIgniter.php(502): CodeIgniter\CodeIgniter->runController(Object(App\Controllers\Carrito))
 8 SYSTEMPATH\CodeIgniter.php(361): CodeIgniter\CodeIgniter->handleRequest(null, Object(Config\Cache), false)
 9 FCPATH\index.php(79): CodeIgniter\CodeIgniter->run()
CRITICAL - 2024-03-31 15:38:16 --> foreach() argument must be of type array|object, null given
in APPPATH\Views\producto\listitemcarts.php on line 3.
 1 APPPATH\Views\producto\listitemcarts.php(3): CodeIgniter\Debug\Exceptions->errorHandler(2, 'foreach() argument must be of type array|object, null given', 'C:\\wamp64\\www\\tienda\\app\\Views\\producto\\listitemcarts.php', 3)
 2 SYSTEMPATH\View\View.php(228): include('C:\\wamp64\\www\\tienda\\app\\Views\\producto\\listitemcarts.php')
 3 SYSTEMPATH\View\View.php(231): CodeIgniter\View\View->CodeIgniter\View\{closure}()
 4 SYSTEMPATH\Common.php(1190): CodeIgniter\View\View->render('producto/listitemcarts', [], true)
 5 APPPATH\Controllers\Carrito.php(28): view('producto/listitemcarts', [...])
 6 SYSTEMPATH\CodeIgniter.php(942): App\Controllers\Carrito->viewProductosGrid()
 7 SYSTEMPATH\CodeIgniter.php(502): CodeIgniter\CodeIgniter->runController(Object(App\Controllers\Carrito))
 8 SYSTEMPATH\CodeIgniter.php(361): CodeIgniter\CodeIgniter->handleRequest(null, Object(Config\Cache), false)
 9 FCPATH\index.php(79): CodeIgniter\CodeIgniter->run()
CRITICAL - 2024-03-31 15:38:21 --> foreach() argument must be of type array|object, null given
in APPPATH\Views\producto\listitemcarts.php on line 3.
 1 APPPATH\Views\producto\listitemcarts.php(3): CodeIgniter\Debug\Exceptions->errorHandler(2, 'foreach() argument must be of type array|object, null given', 'C:\\wamp64\\www\\tienda\\app\\Views\\producto\\listitemcarts.php', 3)
 2 SYSTEMPATH\View\View.php(228): include('C:\\wamp64\\www\\tienda\\app\\Views\\producto\\listitemcarts.php')
 3 SYSTEMPATH\View\View.php(231): CodeIgniter\View\View->CodeIgniter\View\{closure}()
 4 SYSTEMPATH\Common.php(1190): CodeIgniter\View\View->render('producto/listitemcarts', [], true)
 5 APPPATH\Controllers\Carrito.php(28): view('producto/listitemcarts', [...])
 6 SYSTEMPATH\CodeIgniter.php(942): App\Controllers\Carrito->viewProductosGrid()
 7 SYSTEMPATH\CodeIgniter.php(502): CodeIgniter\CodeIgniter->runController(Object(App\Controllers\Carrito))
 8 SYSTEMPATH\CodeIgniter.php(361): CodeIgniter\CodeIgniter->handleRequest(null, Object(Config\Cache), false)
 9 FCPATH\index.php(79): CodeIgniter\CodeIgniter->run()
CRITICAL - 2024-03-31 15:39:27 --> foreach() argument must be of type array|object, null given
in APPPATH\Views\producto\listitemcarts.php on line 3.
 1 APPPATH\Views\producto\listitemcarts.php(3): CodeIgniter\Debug\Exceptions->errorHandler(2, 'foreach() argument must be of type array|object, null given', 'C:\\wamp64\\www\\tienda\\app\\Views\\producto\\listitemcarts.php', 3)
 2 SYSTEMPATH\View\View.php(228): include('C:\\wamp64\\www\\tienda\\app\\Views\\producto\\listitemcarts.php')
 3 SYSTEMPATH\View\View.php(231): CodeIgniter\View\View->CodeIgniter\View\{closure}()
 4 SYSTEMPATH\Common.php(1190): CodeIgniter\View\View->render('producto/listitemcarts', [], true)
 5 APPPATH\Controllers\Carrito.php(28): view('producto/listitemcarts', [...])
 6 SYSTEMPATH\CodeIgniter.php(942): App\Controllers\Carrito->viewProductosGrid()
 7 SYSTEMPATH\CodeIgniter.php(502): CodeIgniter\CodeIgniter->runController(Object(App\Controllers\Carrito))
 8 SYSTEMPATH\CodeIgniter.php(361): CodeIgniter\CodeIgniter->handleRequest(null, Object(Config\Cache), false)
 9 FCPATH\index.php(79): CodeIgniter\CodeIgniter->run()
CRITICAL - 2024-03-31 15:41:16 --> foreach() argument must be of type array|object, null given
in APPPATH\Views\producto\listitemcarts.php on line 3.
 1 APPPATH\Views\producto\listitemcarts.php(3): CodeIgniter\Debug\Exceptions->errorHandler(2, 'foreach() argument must be of type array|object, null given', 'C:\\wamp64\\www\\tienda\\app\\Views\\producto\\listitemcarts.php', 3)
 2 SYSTEMPATH\View\View.php(228): include('C:\\wamp64\\www\\tienda\\app\\Views\\producto\\listitemcarts.php')
 3 SYSTEMPATH\View\View.php(231): CodeIgniter\View\View->CodeIgniter\View\{closure}()
 4 SYSTEMPATH\Common.php(1190): CodeIgniter\View\View->render('producto/listitemcarts', [], true)
 5 APPPATH\Controllers\Carrito.php(28): view('producto/listitemcarts', [...])
 6 SYSTEMPATH\CodeIgniter.php(942): App\Controllers\Carrito->viewProductosGrid()
 7 SYSTEMPATH\CodeIgniter.php(502): CodeIgniter\CodeIgniter->runController(Object(App\Controllers\Carrito))
 8 SYSTEMPATH\CodeIgniter.php(361): CodeIgniter\CodeIgniter->handleRequest(null, Object(Config\Cache), false)
 9 FCPATH\index.php(79): CodeIgniter\CodeIgniter->run()
CRITICAL - 2024-03-31 15:41:25 --> foreach() argument must be of type array|object, null given
in APPPATH\Views\producto\listitemcarts.php on line 3.
 1 APPPATH\Views\producto\listitemcarts.php(3): CodeIgniter\Debug\Exceptions->errorHandler(2, 'foreach() argument must be of type array|object, null given', 'C:\\wamp64\\www\\tienda\\app\\Views\\producto\\listitemcarts.php', 3)
 2 SYSTEMPATH\View\View.php(228): include('C:\\wamp64\\www\\tienda\\app\\Views\\producto\\listitemcarts.php')
 3 SYSTEMPATH\View\View.php(231): CodeIgniter\View\View->CodeIgniter\View\{closure}()
 4 SYSTEMPATH\Common.php(1190): CodeIgniter\View\View->render('producto/listitemcarts', [], true)
 5 APPPATH\Controllers\Carrito.php(28): view('producto/listitemcarts', [...])
 6 SYSTEMPATH\CodeIgniter.php(942): App\Controllers\Carrito->viewProductosGrid()
 7 SYSTEMPATH\CodeIgniter.php(502): CodeIgniter\CodeIgniter->runController(Object(App\Controllers\Carrito))
 8 SYSTEMPATH\CodeIgniter.php(361): CodeIgniter\CodeIgniter->handleRequest(null, Object(Config\Cache), false)
 9 FCPATH\index.php(79): CodeIgniter\CodeIgniter->run()
CRITICAL - 2024-03-31 15:41:28 --> foreach() argument must be of type array|object, null given
in APPPATH\Views\producto\listitemcarts.php on line 3.
 1 APPPATH\Views\producto\listitemcarts.php(3): CodeIgniter\Debug\Exceptions->errorHandler(2, 'foreach() argument must be of type array|object, null given', 'C:\\wamp64\\www\\tienda\\app\\Views\\producto\\listitemcarts.php', 3)
 2 SYSTEMPATH\View\View.php(228): include('C:\\wamp64\\www\\tienda\\app\\Views\\producto\\listitemcarts.php')
 3 SYSTEMPATH\View\View.php(231): CodeIgniter\View\View->CodeIgniter\View\{closure}()
 4 SYSTEMPATH\Common.php(1190): CodeIgniter\View\View->render('producto/listitemcarts', [], true)
 5 APPPATH\Controllers\Carrito.php(28): view('producto/listitemcarts', [...])
 6 SYSTEMPATH\CodeIgniter.php(942): App\Controllers\Carrito->viewProductosGrid()
 7 SYSTEMPATH\CodeIgniter.php(502): CodeIgniter\CodeIgniter->runController(Object(App\Controllers\Carrito))
 8 SYSTEMPATH\CodeIgniter.php(361): CodeIgniter\CodeIgniter->handleRequest(null, Object(Config\Cache), false)
 9 FCPATH\index.php(79): CodeIgniter\CodeIgniter->run()
CRITICAL - 2024-03-31 15:41:30 --> foreach() argument must be of type array|object, null given
in APPPATH\Views\producto\listitemcarts.php on line 3.
 1 APPPATH\Views\producto\listitemcarts.php(3): CodeIgniter\Debug\Exceptions->errorHandler(2, 'foreach() argument must be of type array|object, null given', 'C:\\wamp64\\www\\tienda\\app\\Views\\producto\\listitemcarts.php', 3)
 2 SYSTEMPATH\View\View.php(228): include('C:\\wamp64\\www\\tienda\\app\\Views\\producto\\listitemcarts.php')
 3 SYSTEMPATH\View\View.php(231): CodeIgniter\View\View->CodeIgniter\View\{closure}()
 4 SYSTEMPATH\Common.php(1190): CodeIgniter\View\View->render('producto/listitemcarts', [], true)
 5 APPPATH\Controllers\Carrito.php(28): view('producto/listitemcarts', [...])
 6 SYSTEMPATH\CodeIgniter.php(942): App\Controllers\Carrito->viewProductosGrid()
 7 SYSTEMPATH\CodeIgniter.php(502): CodeIgniter\CodeIgniter->runController(Object(App\Controllers\Carrito))
 8 SYSTEMPATH\CodeIgniter.php(361): CodeIgniter\CodeIgniter->handleRequest(null, Object(Config\Cache), false)
 9 FCPATH\index.php(79): CodeIgniter\CodeIgniter->run()
CRITICAL - 2024-03-31 15:41:43 --> foreach() argument must be of type array|object, null given
in APPPATH\Views\producto\listitemcarts.php on line 3.
 1 APPPATH\Views\producto\listitemcarts.php(3): CodeIgniter\Debug\Exceptions->errorHandler(2, 'foreach() argument must be of type array|object, null given', 'C:\\wamp64\\www\\tienda\\app\\Views\\producto\\listitemcarts.php', 3)
 2 SYSTEMPATH\View\View.php(228): include('C:\\wamp64\\www\\tienda\\app\\Views\\producto\\listitemcarts.php')
 3 SYSTEMPATH\View\View.php(231): CodeIgniter\View\View->CodeIgniter\View\{closure}()
 4 SYSTEMPATH\Common.php(1190): CodeIgniter\View\View->render('producto/listitemcarts', [], true)
 5 APPPATH\Controllers\Carrito.php(28): view('producto/listitemcarts', [...])
 6 SYSTEMPATH\CodeIgniter.php(942): App\Controllers\Carrito->viewProductosGrid()
 7 SYSTEMPATH\CodeIgniter.php(502): CodeIgniter\CodeIgniter->runController(Object(App\Controllers\Carrito))
 8 SYSTEMPATH\CodeIgniter.php(361): CodeIgniter\CodeIgniter->handleRequest(null, Object(Config\Cache), false)
 9 FCPATH\index.php(79): CodeIgniter\CodeIgniter->run()
CRITICAL - 2024-03-31 15:41:44 --> foreach() argument must be of type array|object, null given
in APPPATH\Views\producto\listitemcarts.php on line 3.
 1 APPPATH\Views\producto\listitemcarts.php(3): CodeIgniter\Debug\Exceptions->errorHandler(2, 'foreach() argument must be of type array|object, null given', 'C:\\wamp64\\www\\tienda\\app\\Views\\producto\\listitemcarts.php', 3)
 2 SYSTEMPATH\View\View.php(228): include('C:\\wamp64\\www\\tienda\\app\\Views\\producto\\listitemcarts.php')
 3 SYSTEMPATH\View\View.php(231): CodeIgniter\View\View->CodeIgniter\View\{closure}()
 4 SYSTEMPATH\Common.php(1190): CodeIgniter\View\View->render('producto/listitemcarts', [], true)
 5 APPPATH\Controllers\Carrito.php(28): view('producto/listitemcarts', [...])
 6 SYSTEMPATH\CodeIgniter.php(942): App\Controllers\Carrito->viewProductosGrid()
 7 SYSTEMPATH\CodeIgniter.php(502): CodeIgniter\CodeIgniter->runController(Object(App\Controllers\Carrito))
 8 SYSTEMPATH\CodeIgniter.php(361): CodeIgniter\CodeIgniter->handleRequest(null, Object(Config\Cache), false)
 9 FCPATH\index.php(79): CodeIgniter\CodeIgniter->run()
CRITICAL - 2024-03-31 15:41:46 --> foreach() argument must be of type array|object, null given
in APPPATH\Views\producto\listitemcarts.php on line 3.
 1 APPPATH\Views\producto\listitemcarts.php(3): CodeIgniter\Debug\Exceptions->errorHandler(2, 'foreach() argument must be of type array|object, null given', 'C:\\wamp64\\www\\tienda\\app\\Views\\producto\\listitemcarts.php', 3)
 2 SYSTEMPATH\View\View.php(228): include('C:\\wamp64\\www\\tienda\\app\\Views\\producto\\listitemcarts.php')
 3 SYSTEMPATH\View\View.php(231): CodeIgniter\View\View->CodeIgniter\View\{closure}()
 4 SYSTEMPATH\Common.php(1190): CodeIgniter\View\View->render('producto/listitemcarts', [], true)
 5 APPPATH\Controllers\Carrito.php(28): view('producto/listitemcarts', [...])
 6 SYSTEMPATH\CodeIgniter.php(942): App\Controllers\Carrito->viewProductosGrid()
 7 SYSTEMPATH\CodeIgniter.php(502): CodeIgniter\CodeIgniter->runController(Object(App\Controllers\Carrito))
 8 SYSTEMPATH\CodeIgniter.php(361): CodeIgniter\CodeIgniter->handleRequest(null, Object(Config\Cache), false)
 9 FCPATH\index.php(79): CodeIgniter\CodeIgniter->run()
CRITICAL - 2024-03-31 15:41:48 --> foreach() argument must be of type array|object, null given
in APPPATH\Views\producto\listitemcarts.php on line 3.
 1 APPPATH\Views\producto\listitemcarts.php(3): CodeIgniter\Debug\Exceptions->errorHandler(2, 'foreach() argument must be of type array|object, null given', 'C:\\wamp64\\www\\tienda\\app\\Views\\producto\\listitemcarts.php', 3)
 2 SYSTEMPATH\View\View.php(228): include('C:\\wamp64\\www\\tienda\\app\\Views\\producto\\listitemcarts.php')
 3 SYSTEMPATH\View\View.php(231): CodeIgniter\View\View->CodeIgniter\View\{closure}()
 4 SYSTEMPATH\Common.php(1190): CodeIgniter\View\View->render('producto/listitemcarts', [], true)
 5 APPPATH\Controllers\Carrito.php(28): view('producto/listitemcarts', [...])
 6 SYSTEMPATH\CodeIgniter.php(942): App\Controllers\Carrito->viewProductosGrid()
 7 SYSTEMPATH\CodeIgniter.php(502): CodeIgniter\CodeIgniter->runController(Object(App\Controllers\Carrito))
 8 SYSTEMPATH\CodeIgniter.php(361): CodeIgniter\CodeIgniter->handleRequest(null, Object(Config\Cache), false)
 9 FCPATH\index.php(79): CodeIgniter\CodeIgniter->run()
CRITICAL - 2024-03-31 15:53:14 --> foreach() argument must be of type array|object, null given
in APPPATH\Views\producto\listitemcarts.php on line 3.
 1 APPPATH\Views\producto\listitemcarts.php(3): CodeIgniter\Debug\Exceptions->errorHandler(2, 'foreach() argument must be of type array|object, null given', 'C:\\wamp64\\www\\tienda\\app\\Views\\producto\\listitemcarts.php', 3)
 2 SYSTEMPATH\View\View.php(228): include('C:\\wamp64\\www\\tienda\\app\\Views\\producto\\listitemcarts.php')
 3 SYSTEMPATH\View\View.php(231): CodeIgniter\View\View->CodeIgniter\View\{closure}()
 4 SYSTEMPATH\Common.php(1190): CodeIgniter\View\View->render('producto/listitemcarts', [], true)
 5 APPPATH\Controllers\Carrito.php(28): view('producto/listitemcarts', [...])
 6 SYSTEMPATH\CodeIgniter.php(942): App\Controllers\Carrito->viewProductosGrid()
 7 SYSTEMPATH\CodeIgniter.php(502): CodeIgniter\CodeIgniter->runController(Object(App\Controllers\Carrito))
 8 SYSTEMPATH\CodeIgniter.php(361): CodeIgniter\CodeIgniter->handleRequest(null, Object(Config\Cache), false)
 9 FCPATH\index.php(79): CodeIgniter\CodeIgniter->run()
ERROR - 2024-03-31 15:57:08 --> mysqli_sql_exception: Table 'dbecommercemultielectricos.marcas' doesn't exist in C:\wamp64\www\tienda\system\Database\MySQLi\Connection.php:306
Stack trace:
#0 C:\wamp64\www\tienda\system\Database\MySQLi\Connection.php(306): mysqli->query('SELECT Concat('...', 0)
#1 C:\wamp64\www\tienda\system\Database\BaseConnection.php(693): CodeIgniter\Database\MySQLi\Connection->execute('SELECT Concat('...')
#2 C:\wamp64\www\tienda\system\Database\BaseConnection.php(607): CodeIgniter\Database\BaseConnection->simpleQuery('SELECT Concat('...')
#3 C:\wamp64\www\tienda\app\Models\marca_model.php(23): CodeIgniter\Database\BaseConnection->query('SELECT Concat('...')
#4 C:\wamp64\www\tienda\app\Controllers\Marca.php(17): App\Models\marca_model->getListado()
#5 C:\wamp64\www\tienda\system\CodeIgniter.php(942): App\Controllers\Marca->getjson_ListadoMarcasCB('')
#6 C:\wamp64\www\tienda\system\CodeIgniter.php(502): CodeIgniter\CodeIgniter->runController(Object(App\Controllers\Marca))
#7 C:\wamp64\www\tienda\system\CodeIgniter.php(361): CodeIgniter\CodeIgniter->handleRequest(NULL, Object(Config\Cache), false)
#8 C:\wamp64\www\tienda\index.php(79): CodeIgniter\CodeIgniter->run()
#9 {main}
CRITICAL - 2024-03-31 15:57:08 --> Table 'dbecommercemultielectricos.marcas' doesn't exist
in SYSTEMPATH\Database\BaseConnection.php on line 647.
 1 APPPATH\Models\marca_model.php(23): CodeIgniter\Database\BaseConnection->query('SELECT Concat(\'r_\',id_marca) as dt_rowid, id_marca as id, nombre_marca as descripcion  FROM marcas  order by id_marca;')
 2 APPPATH\Controllers\Marca.php(17): App\Models\marca_model->getListado()
 3 SYSTEMPATH\CodeIgniter.php(942): App\Controllers\Marca->getjson_ListadoMarcasCB('')
 4 SYSTEMPATH\CodeIgniter.php(502): CodeIgniter\CodeIgniter->runController(Object(App\Controllers\Marca))
 5 SYSTEMPATH\CodeIgniter.php(361): CodeIgniter\CodeIgniter->handleRequest(null, Object(Config\Cache), false)
 6 FCPATH\index.php(79): CodeIgniter\CodeIgniter->run()
ERROR - 2024-03-31 15:58:34 --> mysqli_sql_exception: Table 'dbecommercemultielectricos.marcas' doesn't exist in C:\wamp64\www\tienda\system\Database\MySQLi\Connection.php:306
Stack trace:
#0 C:\wamp64\www\tienda\system\Database\MySQLi\Connection.php(306): mysqli->query('SELECT Concat('...', 0)
#1 C:\wamp64\www\tienda\system\Database\BaseConnection.php(693): CodeIgniter\Database\MySQLi\Connection->execute('SELECT Concat('...')
#2 C:\wamp64\www\tienda\system\Database\BaseConnection.php(607): CodeIgniter\Database\BaseConnection->simpleQuery('SELECT Concat('...')
#3 C:\wamp64\www\tienda\app\Models\marca_model.php(24): CodeIgniter\Database\BaseConnection->query('SELECT Concat('...')
#4 C:\wamp64\www\tienda\app\Controllers\Marca.php(17): App\Models\marca_model->getListado()
#5 C:\wamp64\www\tienda\system\CodeIgniter.php(942): App\Controllers\Marca->getjson_ListadoMarcasCB('')
#6 C:\wamp64\www\tienda\system\CodeIgniter.php(502): CodeIgniter\CodeIgniter->runController(Object(App\Controllers\Marca))
#7 C:\wamp64\www\tienda\system\CodeIgniter.php(361): CodeIgniter\CodeIgniter->handleRequest(NULL, Object(Config\Cache), false)
#8 C:\wamp64\www\tienda\index.php(79): CodeIgniter\CodeIgniter->run()
#9 {main}
CRITICAL - 2024-03-31 15:58:35 --> Table 'dbecommercemultielectricos.marcas' doesn't exist
in SYSTEMPATH\Database\BaseConnection.php on line 647.
 1 APPPATH\Models\marca_model.php(24): CodeIgniter\Database\BaseConnection->query('SELECT Concat(\'r_\',idMarca) as dt_rowid, idMarca as id, nombre_marca as nombre  FROM marcas  order by idMarca;')
 2 APPPATH\Controllers\Marca.php(17): App\Models\marca_model->getListado()
 3 SYSTEMPATH\CodeIgniter.php(942): App\Controllers\Marca->getjson_ListadoMarcasCB('')
 4 SYSTEMPATH\CodeIgniter.php(502): CodeIgniter\CodeIgniter->runController(Object(App\Controllers\Marca))
 5 SYSTEMPATH\CodeIgniter.php(361): CodeIgniter\CodeIgniter->handleRequest(null, Object(Config\Cache), false)
 6 FCPATH\index.php(79): CodeIgniter\CodeIgniter->run()
ERROR - 2024-03-31 15:58:37 --> mysqli_sql_exception: Table 'dbecommercemultielectricos.marcas' doesn't exist in C:\wamp64\www\tienda\system\Database\MySQLi\Connection.php:306
Stack trace:
#0 C:\wamp64\www\tienda\system\Database\MySQLi\Connection.php(306): mysqli->query('SELECT Concat('...', 0)
#1 C:\wamp64\www\tienda\system\Database\BaseConnection.php(693): CodeIgniter\Database\MySQLi\Connection->execute('SELECT Concat('...')
#2 C:\wamp64\www\tienda\system\Database\BaseConnection.php(607): CodeIgniter\Database\BaseConnection->simpleQuery('SELECT Concat('...')
#3 C:\wamp64\www\tienda\app\Models\marca_model.php(24): CodeIgniter\Database\BaseConnection->query('SELECT Concat('...')
#4 C:\wamp64\www\tienda\app\Controllers\Marca.php(17): App\Models\marca_model->getListado()
#5 C:\wamp64\www\tienda\system\CodeIgniter.php(942): App\Controllers\Marca->getjson_ListadoMarcasCB('')
#6 C:\wamp64\www\tienda\system\CodeIgniter.php(502): CodeIgniter\CodeIgniter->runController(Object(App\Controllers\Marca))
#7 C:\wamp64\www\tienda\system\CodeIgniter.php(361): CodeIgniter\CodeIgniter->handleRequest(NULL, Object(Config\Cache), false)
#8 C:\wamp64\www\tienda\index.php(79): CodeIgniter\CodeIgniter->run()
#9 {main}
CRITICAL - 2024-03-31 15:58:37 --> Table 'dbecommercemultielectricos.marcas' doesn't exist
in SYSTEMPATH\Database\BaseConnection.php on line 647.
 1 APPPATH\Models\marca_model.php(24): CodeIgniter\Database\BaseConnection->query('SELECT Concat(\'r_\',idMarca) as dt_rowid, idMarca as id, nombre_marca as nombre  FROM marcas  order by idMarca;')
 2 APPPATH\Controllers\Marca.php(17): App\Models\marca_model->getListado()
 3 SYSTEMPATH\CodeIgniter.php(942): App\Controllers\Marca->getjson_ListadoMarcasCB('')
 4 SYSTEMPATH\CodeIgniter.php(502): CodeIgniter\CodeIgniter->runController(Object(App\Controllers\Marca))
 5 SYSTEMPATH\CodeIgniter.php(361): CodeIgniter\CodeIgniter->handleRequest(null, Object(Config\Cache), false)
 6 FCPATH\index.php(79): CodeIgniter\CodeIgniter->run()
ERROR - 2024-03-31 15:58:43 --> mysqli_sql_exception: Table 'dbecommercemultielectricos.marcas' doesn't exist in C:\wamp64\www\tienda\system\Database\MySQLi\Connection.php:306
Stack trace:
#0 C:\wamp64\www\tienda\system\Database\MySQLi\Connection.php(306): mysqli->query('SELECT Concat('...', 0)
#1 C:\wamp64\www\tienda\system\Database\BaseConnection.php(693): CodeIgniter\Database\MySQLi\Connection->execute('SELECT Concat('...')
#2 C:\wamp64\www\tienda\system\Database\BaseConnection.php(607): CodeIgniter\Database\BaseConnection->simpleQuery('SELECT Concat('...')
#3 C:\wamp64\www\tienda\app\Models\marca_model.php(24): CodeIgniter\Database\BaseConnection->query('SELECT Concat('...')
#4 C:\wamp64\www\tienda\app\Controllers\Marca.php(17): App\Models\marca_model->getListado()
#5 C:\wamp64\www\tienda\system\CodeIgniter.php(942): App\Controllers\Marca->getjson_ListadoMarcasCB('')
#6 C:\wamp64\www\tienda\system\CodeIgniter.php(502): CodeIgniter\CodeIgniter->runController(Object(App\Controllers\Marca))
#7 C:\wamp64\www\tienda\system\CodeIgniter.php(361): CodeIgniter\CodeIgniter->handleRequest(NULL, Object(Config\Cache), false)
#8 C:\wamp64\www\tienda\index.php(79): CodeIgniter\CodeIgniter->run()
#9 {main}
CRITICAL - 2024-03-31 15:58:43 --> Table 'dbecommercemultielectricos.marcas' doesn't exist
in SYSTEMPATH\Database\BaseConnection.php on line 647.
 1 APPPATH\Models\marca_model.php(24): CodeIgniter\Database\BaseConnection->query('SELECT Concat(\'r_\',idMarca) as dt_rowid, idMarca as id, nombre_marca as nombre  FROM marcas  order by idMarca;')
 2 APPPATH\Controllers\Marca.php(17): App\Models\marca_model->getListado()
 3 SYSTEMPATH\CodeIgniter.php(942): App\Controllers\Marca->getjson_ListadoMarcasCB('')
 4 SYSTEMPATH\CodeIgniter.php(502): CodeIgniter\CodeIgniter->runController(Object(App\Controllers\Marca))
 5 SYSTEMPATH\CodeIgniter.php(361): CodeIgniter\CodeIgniter->handleRequest(null, Object(Config\Cache), false)
 6 FCPATH\index.php(79): CodeIgniter\CodeIgniter->run()
CRITICAL - 2024-03-31 15:59:51 --> foreach() argument must be of type array|object, null given
in APPPATH\Views\producto\listitemcarts.php on line 3.
 1 APPPATH\Views\producto\listitemcarts.php(3): CodeIgniter\Debug\Exceptions->errorHandler(2, 'foreach() argument must be of type array|object, null given', 'C:\\wamp64\\www\\tienda\\app\\Views\\producto\\listitemcarts.php', 3)
 2 SYSTEMPATH\View\View.php(228): include('C:\\wamp64\\www\\tienda\\app\\Views\\producto\\listitemcarts.php')
 3 SYSTEMPATH\View\View.php(231): CodeIgniter\View\View->CodeIgniter\View\{closure}()
 4 SYSTEMPATH\Common.php(1190): CodeIgniter\View\View->render('producto/listitemcarts', [], true)
 5 APPPATH\Controllers\Carrito.php(28): view('producto/listitemcarts', [...])
 6 SYSTEMPATH\CodeIgniter.php(942): App\Controllers\Carrito->viewProductosGrid()
 7 SYSTEMPATH\CodeIgniter.php(502): CodeIgniter\CodeIgniter->runController(Object(App\Controllers\Carrito))
 8 SYSTEMPATH\CodeIgniter.php(361): CodeIgniter\CodeIgniter->handleRequest(null, Object(Config\Cache), false)
 9 FCPATH\index.php(79): CodeIgniter\CodeIgniter->run()
CRITICAL - 2024-03-31 16:15:17 --> Undefined variable $data
in APPPATH\Views\producto\grid.php on line 7.
 1 APPPATH\Views\producto\grid.php(7): CodeIgniter\Debug\Exceptions->errorHandler(2, 'Undefined variable $data', 'C:\\wamp64\\www\\tienda\\app\\Views\\producto\\grid.php', 7)
 2 SYSTEMPATH\View\View.php(228): include('C:\\wamp64\\www\\tienda\\app\\Views\\producto\\grid.php')
 3 SYSTEMPATH\View\View.php(231): CodeIgniter\View\View->CodeIgniter\View\{closure}()
 4 SYSTEMPATH\Common.php(1190): CodeIgniter\View\View->render('producto/grid', [], true)
 5 APPPATH\Controllers\Producto.php(40): view('producto/grid', [...])
 6 SYSTEMPATH\CodeIgniter.php(942): App\Controllers\Producto->viewProductosGrid('0', '0', '1')
 7 SYSTEMPATH\CodeIgniter.php(502): CodeIgniter\CodeIgniter->runController(Object(App\Controllers\Producto))
 8 SYSTEMPATH\CodeIgniter.php(361): CodeIgniter\CodeIgniter->handleRequest(null, Object(Config\Cache), false)
 9 FCPATH\index.php(79): CodeIgniter\CodeIgniter->run()
CRITICAL - 2024-03-31 20:45:10 --> foreach() argument must be of type array|object, null given
in APPPATH\Views\producto\listitemcarts.php on line 3.
 1 APPPATH\Views\producto\listitemcarts.php(3): CodeIgniter\Debug\Exceptions->errorHandler(2, 'foreach() argument must be of type array|object, null given', 'C:\\wamp64\\www\\tienda\\app\\Views\\producto\\listitemcarts.php', 3)
 2 SYSTEMPATH\View\View.php(228): include('C:\\wamp64\\www\\tienda\\app\\Views\\producto\\listitemcarts.php')
 3 SYSTEMPATH\View\View.php(231): CodeIgniter\View\View->CodeIgniter\View\{closure}()
 4 SYSTEMPATH\Common.php(1190): CodeIgniter\View\View->render('producto/listitemcarts', [], true)
 5 APPPATH\Controllers\Carrito.php(28): view('producto/listitemcarts', [...])
 6 SYSTEMPATH\CodeIgniter.php(942): App\Controllers\Carrito->viewProductosGrid()
 7 SYSTEMPATH\CodeIgniter.php(502): CodeIgniter\CodeIgniter->runController(Object(App\Controllers\Carrito))
 8 SYSTEMPATH\CodeIgniter.php(361): CodeIgniter\CodeIgniter->handleRequest(null, Object(Config\Cache), false)
 9 FCPATH\index.php(79): CodeIgniter\CodeIgniter->run()
CRITICAL - 2024-03-31 20:59:14 --> foreach() argument must be of type array|object, null given
in APPPATH\Views\producto\listitemcarts.php on line 3.
 1 APPPATH\Views\producto\listitemcarts.php(3): CodeIgniter\Debug\Exceptions->errorHandler(2, 'foreach() argument must be of type array|object, null given', 'C:\\wamp64\\www\\tienda\\app\\Views\\producto\\listitemcarts.php', 3)
 2 SYSTEMPATH\View\View.php(228): include('C:\\wamp64\\www\\tienda\\app\\Views\\producto\\listitemcarts.php')
 3 SYSTEMPATH\View\View.php(231): CodeIgniter\View\View->CodeIgniter\View\{closure}()
 4 SYSTEMPATH\Common.php(1190): CodeIgniter\View\View->render('producto/listitemcarts', [], true)
 5 APPPATH\Controllers\Carrito.php(28): view('producto/listitemcarts', [...])
 6 SYSTEMPATH\CodeIgniter.php(942): App\Controllers\Carrito->viewProductosGrid()
 7 SYSTEMPATH\CodeIgniter.php(502): CodeIgniter\CodeIgniter->runController(Object(App\Controllers\Carrito))
 8 SYSTEMPATH\CodeIgniter.php(361): CodeIgniter\CodeIgniter->handleRequest(null, Object(Config\Cache), false)
 9 FCPATH\index.php(79): CodeIgniter\CodeIgniter->run()
CRITICAL - 2024-03-31 20:59:35 --> Undefined variable $data
in APPPATH\Views\producto\grid.php on line 7.
 1 APPPATH\Views\producto\grid.php(7): CodeIgniter\Debug\Exceptions->errorHandler(2, 'Undefined variable $data', 'C:\\wamp64\\www\\tienda\\app\\Views\\producto\\grid.php', 7)
 2 SYSTEMPATH\View\View.php(228): include('C:\\wamp64\\www\\tienda\\app\\Views\\producto\\grid.php')
 3 SYSTEMPATH\View\View.php(231): CodeIgniter\View\View->CodeIgniter\View\{closure}()
 4 SYSTEMPATH\Common.php(1190): CodeIgniter\View\View->render('producto/grid', [], true)
 5 APPPATH\Controllers\Producto.php(40): view('producto/grid', [...])
 6 SYSTEMPATH\CodeIgniter.php(942): App\Controllers\Producto->viewProductosGrid('0', '0', '1')
 7 SYSTEMPATH\CodeIgniter.php(502): CodeIgniter\CodeIgniter->runController(Object(App\Controllers\Producto))
 8 SYSTEMPATH\CodeIgniter.php(361): CodeIgniter\CodeIgniter->handleRequest(null, Object(Config\Cache), false)
 9 FCPATH\index.php(79): CodeIgniter\CodeIgniter->run()
CRITICAL - 2024-03-31 21:05:03 --> foreach() argument must be of type array|object, null given
in APPPATH\Views\producto\listitemcarts.php on line 3.
 1 APPPATH\Views\producto\listitemcarts.php(3): CodeIgniter\Debug\Exceptions->errorHandler(2, 'foreach() argument must be of type array|object, null given', 'C:\\wamp64\\www\\tienda\\app\\Views\\producto\\listitemcarts.php', 3)
 2 SYSTEMPATH\View\View.php(228): include('C:\\wamp64\\www\\tienda\\app\\Views\\producto\\listitemcarts.php')
 3 SYSTEMPATH\View\View.php(231): CodeIgniter\View\View->CodeIgniter\View\{closure}()
 4 SYSTEMPATH\Common.php(1190): CodeIgniter\View\View->render('producto/listitemcarts', [], true)
 5 APPPATH\Controllers\Carrito.php(28): view('producto/listitemcarts', [...])
 6 SYSTEMPATH\CodeIgniter.php(942): App\Controllers\Carrito->viewProductosGrid()
 7 SYSTEMPATH\CodeIgniter.php(502): CodeIgniter\CodeIgniter->runController(Object(App\Controllers\Carrito))
 8 SYSTEMPATH\CodeIgniter.php(361): CodeIgniter\CodeIgniter->handleRequest(null, Object(Config\Cache), false)
 9 FCPATH\index.php(79): CodeIgniter\CodeIgniter->run()
CRITICAL - 2024-03-31 21:05:09 --> foreach() argument must be of type array|object, null given
in APPPATH\Views\producto\listitemcarts.php on line 3.
 1 APPPATH\Views\producto\listitemcarts.php(3): CodeIgniter\Debug\Exceptions->errorHandler(2, 'foreach() argument must be of type array|object, null given', 'C:\\wamp64\\www\\tienda\\app\\Views\\producto\\listitemcarts.php', 3)
 2 SYSTEMPATH\View\View.php(228): include('C:\\wamp64\\www\\tienda\\app\\Views\\producto\\listitemcarts.php')
 3 SYSTEMPATH\View\View.php(231): CodeIgniter\View\View->CodeIgniter\View\{closure}()
 4 SYSTEMPATH\Common.php(1190): CodeIgniter\View\View->render('producto/listitemcarts', [], true)
 5 APPPATH\Controllers\Carrito.php(28): view('producto/listitemcarts', [...])
 6 SYSTEMPATH\CodeIgniter.php(942): App\Controllers\Carrito->viewProductosGrid()
 7 SYSTEMPATH\CodeIgniter.php(502): CodeIgniter\CodeIgniter->runController(Object(App\Controllers\Carrito))
 8 SYSTEMPATH\CodeIgniter.php(361): CodeIgniter\CodeIgniter->handleRequest(null, Object(Config\Cache), false)
 9 FCPATH\index.php(79): CodeIgniter\CodeIgniter->run()
CRITICAL - 2024-03-31 21:05:24 --> foreach() argument must be of type array|object, null given
in APPPATH\Views\producto\listitemcarts.php on line 3.
 1 APPPATH\Views\producto\listitemcarts.php(3): CodeIgniter\Debug\Exceptions->errorHandler(2, 'foreach() argument must be of type array|object, null given', 'C:\\wamp64\\www\\tienda\\app\\Views\\producto\\listitemcarts.php', 3)
 2 SYSTEMPATH\View\View.php(228): include('C:\\wamp64\\www\\tienda\\app\\Views\\producto\\listitemcarts.php')
 3 SYSTEMPATH\View\View.php(231): CodeIgniter\View\View->CodeIgniter\View\{closure}()
 4 SYSTEMPATH\Common.php(1190): CodeIgniter\View\View->render('producto/listitemcarts', [], true)
 5 APPPATH\Controllers\Carrito.php(28): view('producto/listitemcarts', [...])
 6 SYSTEMPATH\CodeIgniter.php(942): App\Controllers\Carrito->viewProductosGrid()
 7 SYSTEMPATH\CodeIgniter.php(502): CodeIgniter\CodeIgniter->runController(Object(App\Controllers\Carrito))
 8 SYSTEMPATH\CodeIgniter.php(361): CodeIgniter\CodeIgniter->handleRequest(null, Object(Config\Cache), false)
 9 FCPATH\index.php(79): CodeIgniter\CodeIgniter->run()
CRITICAL - 2024-03-31 21:05:53 --> foreach() argument must be of type array|object, null given
in APPPATH\Views\producto\listitemcarts.php on line 3.
 1 APPPATH\Views\producto\listitemcarts.php(3): CodeIgniter\Debug\Exceptions->errorHandler(2, 'foreach() argument must be of type array|object, null given', 'C:\\wamp64\\www\\tienda\\app\\Views\\producto\\listitemcarts.php', 3)
 2 SYSTEMPATH\View\View.php(228): include('C:\\wamp64\\www\\tienda\\app\\Views\\producto\\listitemcarts.php')
 3 SYSTEMPATH\View\View.php(231): CodeIgniter\View\View->CodeIgniter\View\{closure}()
 4 SYSTEMPATH\Common.php(1190): CodeIgniter\View\View->render('producto/listitemcarts', [], true)
 5 APPPATH\Controllers\Carrito.php(28): view('producto/listitemcarts', [...])
 6 SYSTEMPATH\CodeIgniter.php(942): App\Controllers\Carrito->viewProductosGrid()
 7 SYSTEMPATH\CodeIgniter.php(502): CodeIgniter\CodeIgniter->runController(Object(App\Controllers\Carrito))
 8 SYSTEMPATH\CodeIgniter.php(361): CodeIgniter\CodeIgniter->handleRequest(null, Object(Config\Cache), false)
 9 FCPATH\index.php(79): CodeIgniter\CodeIgniter->run()
CRITICAL - 2024-03-31 23:22:15 --> Undefined variable $data
in APPPATH\Views\producto\grid.php on line 7.
 1 APPPATH\Views\producto\grid.php(7): CodeIgniter\Debug\Exceptions->errorHandler(2, 'Undefined variable $data', 'C:\\wamp64\\www\\tienda\\app\\Views\\producto\\grid.php', 7)
 2 SYSTEMPATH\View\View.php(228): include('C:\\wamp64\\www\\tienda\\app\\Views\\producto\\grid.php')
 3 SYSTEMPATH\View\View.php(231): CodeIgniter\View\View->CodeIgniter\View\{closure}()
 4 SYSTEMPATH\Common.php(1190): CodeIgniter\View\View->render('producto/grid', [], true)
 5 APPPATH\Controllers\Producto.php(40): view('producto/grid', [...])
 6 SYSTEMPATH\CodeIgniter.php(942): App\Controllers\Producto->viewProductosGrid('0', '0', '1')
 7 SYSTEMPATH\CodeIgniter.php(502): CodeIgniter\CodeIgniter->runController(Object(App\Controllers\Producto))
 8 SYSTEMPATH\CodeIgniter.php(361): CodeIgniter\CodeIgniter->handleRequest(null, Object(Config\Cache), false)
 9 FCPATH\index.php(79): CodeIgniter\CodeIgniter->run()
